<?xml version="1.0" encoding="UTF-8"?>
<!-- Generated by org.testng.reporters.JUnitReportReporter -->
<testsuite hostname="LAPTOP-EEAS1CV9" failures="0" tests="1" name="Automation.testscript.DropDown" time="16.446" errors="0" timestamp="2023-02-08T21:47:45 IST" skipped="0">
  <testcase classname="Automation.testscript.DropDown" name="dropdownHandling" time="16.446"/>
  <system-out/>
</testsuite> <!-- Automation.testscript.DropDown -->
